<?xml version="1.0" encoding="UTF-8"?>
<testsuite name="FlashcardsTest" tests="1" skipped="0" failures="0" errors="0" timestamp="2023-05-29T11:13:05" hostname="NEBULA" time="0.061">
  <properties/>
  <testcase name="start" classname="FlashcardsTest" time="0.061"/>
  <system-out><![CDATA[?[1;31m
Start test 1?[0m
Card:
cos'(x)
Definition:
-sin(x)
]]></system-out>
  <system-err><![CDATA[]]></system-err>
</testsuite>
